2025-11-29 10:47:46,721 - INFO - MainApp - 程序启动
2025-11-29 10:47:46,721 - DEBUG - MainApp - 开始处理数据: hello
2025-11-29 10:47:46,721 - INFO - MainApp - 数据处理完成
2025-11-29 10:47:46,721 - INFO - MainApp - 处理结果: HELLO
2025-11-29 10:47:46,721 - INFO - MainApp - 程序结束
2025-12-03 13:57:48,099 - EduRAG - INFO - Redis 连接成功
2025-12-03 13:58:32,879 - EduRAG - INFO - Redis 连接成功
2025-12-05 15:02:52,372 - EduRAG - INFO - Redis 连接成功
2025-12-06 12:22:13,009 - EduRAG - ERROR - MySQL 连接失败: (1045, "Access denied for user 'root'@'localhost' (using password: YES)")
2025-12-06 12:26:59,182 - EduRAG - ERROR - MySQL 连接失败: (1045, "Access denied for user 'root'@'localhost' (using password: YES)")
2025-12-06 12:29:41,388 - EduRAG - ERROR - MySQL 连接失败: (1045, "Access denied for user 'root'@'localhost' (using password: YES)")
2025-12-06 12:30:10,806 - EduRAG - ERROR - MySQL 连接失败: (1049, "Unknown database 'subjects_kg'")
2025-12-06 12:34:31,379 - EduRAG - INFO - MySQL 连接成功
2025-12-06 12:34:31,384 - EduRAG - INFO - Redis 连接成功
2025-12-06 12:34:31,388 - EduRAG - ERROR - Redis 获取失败: Error 61 connecting to localhost:6379. Connection refused.
2025-12-06 12:34:31,391 - EduRAG - ERROR - Redis 获取失败: Error 61 connecting to localhost:6379. Connection refused.
2025-12-07 11:56:09,198 - EduRAG - ERROR - MySQL 连接失败: (1045, "Access denied for user 'root'@'localhost' (using password: YES)")
2025-12-07 12:02:15,753 - EduRAG - ERROR - MySQL 连接失败: (2003, "Can't connect to MySQL server on 'localhost' ([Errno 61] Connection refused)")
2025-12-07 12:03:50,800 - EduRAG - ERROR - MySQL 连接失败: (1049, "Unknown database 'subjects_kg'")
2025-12-07 12:04:09,081 - EduRAG - INFO - MySQL 连接成功
2025-12-07 12:04:09,082 - EduRAG - INFO - Redis 连接成功
2025-12-07 12:04:09,082 - EduRAG - ERROR - Redis 获取失败: Error 61 connecting to localhost:6379. Connection refused.
2025-12-07 12:04:09,083 - EduRAG - ERROR - Redis 获取失败: Error 61 connecting to localhost:6379. Connection refused.
2025-12-07 12:04:31,430 - EduRAG - INFO - MySQL 连接成功
2025-12-07 12:04:31,430 - EduRAG - INFO - Redis 连接成功
2025-12-07 12:04:31,431 - EduRAG - ERROR - Redis 获取失败: Error 61 connecting to localhost:6379. Connection refused.
2025-12-07 12:04:31,431 - EduRAG - ERROR - Redis 获取失败: Error 61 connecting to localhost:6379. Connection refused.
2025-12-07 12:04:31,433 - EduRAG - WARNING - questions 表不存在
2025-12-07 12:04:56,937 - EduRAG - INFO - MySQL 连接成功
2025-12-07 12:04:56,938 - EduRAG - INFO - Redis 连接成功
2025-12-07 12:04:56,938 - EduRAG - ERROR - Redis 获取失败: Error 61 connecting to localhost:6379. Connection refused.
2025-12-07 12:04:56,938 - EduRAG - ERROR - Redis 获取失败: Error 61 connecting to localhost:6379. Connection refused.
2025-12-07 12:04:56,940 - EduRAG - WARNING - questions 表不存在
2025-12-07 12:04:56,940 - EduRAG - WARNING - 未加载到问题
2025-12-07 12:15:30,921 - EduRAG - INFO - MySQL 连接成功
2025-12-07 12:15:30,921 - EduRAG - INFO - Redis 连接成功
2025-12-07 12:15:30,922 - EduRAG - ERROR - Redis 获取失败: Error 61 connecting to localhost:6379. Connection refused.
2025-12-07 12:15:30,922 - EduRAG - ERROR - Redis 获取失败: Error 61 connecting to localhost:6379. Connection refused.
2025-12-07 12:15:30,924 - EduRAG - WARNING - questions 表不存在
2025-12-07 12:15:30,927 - EduRAG - WARNING - 未加载到问题
2025-12-07 12:36:49,707 - EduRAG - INFO - MySQL 连接成功
2025-12-07 12:36:49,707 - EduRAG - INFO - Redis 连接成功
2025-12-07 12:36:49,708 - EduRAG - ERROR - Redis 获取失败: Error 61 connecting to localhost:6379. Connection refused.
2025-12-07 12:36:49,708 - EduRAG - ERROR - Redis 获取失败: Error 61 connecting to localhost:6379. Connection refused.
2025-12-07 12:37:01,735 - EduRAG - INFO - MySQL 连接成功
2025-12-07 12:37:01,736 - EduRAG - INFO - Redis 连接成功
2025-12-07 12:37:01,736 - EduRAG - ERROR - Redis 获取失败: Error 61 connecting to localhost:6379. Connection refused.
2025-12-07 12:37:01,737 - EduRAG - ERROR - Redis 获取失败: Error 61 connecting to localhost:6379. Connection refused.
2025-12-07 12:42:07,933 - EduRAG - INFO - MySQL 连接成功
2025-12-07 12:42:07,933 - EduRAG - INFO - Redis 连接成功
2025-12-07 12:42:07,934 - EduRAG - ERROR - Redis 获取失败: Error 61 connecting to localhost:6379. Connection refused.
2025-12-07 12:42:07,934 - EduRAG - ERROR - Redis 获取失败: Error 61 connecting to localhost:6379. Connection refused.
2025-12-07 12:44:12,438 - EduRAG - INFO - MySQL 连接成功
2025-12-07 12:44:12,438 - EduRAG - INFO - Redis 连接成功
2025-12-07 12:44:12,439 - EduRAG - ERROR - Redis 获取失败: Error 61 connecting to localhost:6379. Connection refused.
2025-12-07 12:44:12,439 - EduRAG - ERROR - Redis 获取失败: Error 61 connecting to localhost:6379. Connection refused.
2025-12-07 12:54:47,558 - EduRAG - INFO - MySQL 连接成功
2025-12-07 12:54:47,558 - EduRAG - INFO - Redis 连接成功
2025-12-07 12:54:47,559 - EduRAG - ERROR - Redis 获取失败: Error 61 connecting to localhost:6379. Connection refused.
2025-12-07 12:54:47,559 - EduRAG - ERROR - Redis 获取失败: Error 61 connecting to localhost:6379. Connection refused.
2025-12-07 12:54:47,560 - EduRAG - ERROR - 查询失败: (1146, "Table 'subjects_kg.jpkb' doesn't exist")
2025-12-07 12:58:39,979 - EduRAG - INFO - MySQL 连接成功
2025-12-07 12:58:39,980 - EduRAG - INFO - Redis 连接成功
2025-12-07 12:58:39,980 - EduRAG - ERROR - Redis 获取失败: Error 61 connecting to localhost:6379. Connection refused.
2025-12-07 12:58:39,981 - EduRAG - ERROR - Redis 获取失败: Error 61 connecting to localhost:6379. Connection refused.
2025-12-07 12:58:39,982 - EduRAG - ERROR - 查询失败: (1146, "Table 'subjects_kg.jpkb' doesn't exist")
2025-12-07 12:58:39,985 - EduRAG - WARNING - 未加载到问题
2025-12-07 12:58:53,625 - EduRAG - INFO - MySQL 连接成功
2025-12-07 12:58:53,625 - EduRAG - INFO - Redis 连接成功
2025-12-07 12:58:53,626 - EduRAG - ERROR - Redis 获取失败: Error 61 connecting to localhost:6379. Connection refused.
2025-12-07 12:58:53,626 - EduRAG - ERROR - Redis 获取失败: Error 61 connecting to localhost:6379. Connection refused.
2025-12-07 12:58:53,628 - EduRAG - ERROR - 查询失败: (1146, "Table 'subjects_kg.jpkb' doesn't exist")
2025-12-07 12:58:53,628 - EduRAG - WARNING - 未加载到问题
2025-12-07 13:02:00,142 - EduRAG - INFO - MySQL 连接成功
2025-12-07 13:02:00,143 - EduRAG - INFO - Redis 连接成功
2025-12-07 13:02:00,143 - EduRAG - ERROR - Redis 获取失败: Error 61 connecting to localhost:6379. Connection refused.
2025-12-07 13:02:00,144 - EduRAG - ERROR - Redis 获取失败: Error 61 connecting to localhost:6379. Connection refused.
2025-12-07 13:02:00,145 - EduRAG - ERROR - 查询失败: (1146, "Table 'subjects_kg.jpkb' doesn't exist")
2025-12-07 13:02:00,145 - EduRAG - WARNING - 未加载到问题
2025-12-07 13:47:33,366 - EduRAG - INFO - MySQL 连接成功
2025-12-07 13:47:33,367 - EduRAG - INFO - Redis 连接成功
2025-12-07 13:47:33,367 - EduRAG - ERROR - Redis 获取失败: Error 61 connecting to localhost:6379. Connection refused.
2025-12-07 13:47:33,368 - EduRAG - ERROR - Redis 获取失败: Error 61 connecting to localhost:6379. Connection refused.
2025-12-07 13:47:33,369 - EduRAG - ERROR - 查询失败: (1146, "Table 'subjects_kg.jpkb' doesn't exist")
2025-12-07 13:47:33,372 - EduRAG - WARNING - 未加载到问题
2025-12-07 13:47:39,188 - EduRAG - ERROR - 系统错误: 'MySQLQASystem' object has no attribute 'query'
